[debug] [2023-04-10T07:30:37.087Z] ----------------------------------------------------------------------
[debug] [2023-04-10T07:30:37.089Z] Command:       C:\Program Files\nodejs\node.exe C:\Users\ACER\AppData\Roaming\npm\node_modules\firebase-tools\lib\bin\firebase.js init
[debug] [2023-04-10T07:30:37.090Z] CLI Version:   11.25.3
[debug] [2023-04-10T07:30:37.090Z] Platform:      win32
[debug] [2023-04-10T07:30:37.090Z] Node Version:  v16.15.1
[debug] [2023-04-10T07:30:37.091Z] Time:          Mon Apr 10 2023 13:00:37 GMT+0530 (India Standard Time)
[debug] [2023-04-10T07:30:37.091Z] ----------------------------------------------------------------------
[debug] 
[debug] [2023-04-10T07:30:37.099Z] > command requires scopes: ["email","openid","https://www.googleapis.com/auth/cloudplatformprojects.readonly","https://www.googleapis.com/auth/firebase","https://www.googleapis.com/auth/cloud-platform"]
[debug] [2023-04-10T07:30:37.100Z] > authorizing via signed-in user (vinayakkumar388@gmail.com)
[info] 
     ######## #### ########  ######## ########     ###     ######  ########
     ##        ##  ##     ## ##       ##     ##  ##   ##  ##       ##
     ######    ##  ########  ######   ########  #########  ######  ######
     ##        ##  ##    ##  ##       ##     ## ##     ##       ## ##
     ##       #### ##     ## ######## ########  ##     ##  ######  ########

You're about to initialize a Firebase project in this directory:

  C:\Users\ACER\Desktop\portfolio

[info] 
=== Project Setup
[info] 
[info] First, let's associate this project directory with a Firebase project.
[info] You can create multiple project aliases by running firebase use --add, 
[info] but for now we'll just set up a default project.
[info] 
[info] i  If you want to create a project in a Google Cloud organization or folder, please use "firebase projects:create" instead, and return to this command when you've created the project. 
[debug] [2023-04-10T07:31:10.645Z] >>> [apiv2][query] POST https://cloudresourcemanager.googleapis.com/v1/projects [none]
[debug] [2023-04-10T07:31:10.646Z] >>> [apiv2][body] POST https://cloudresourcemanager.googleapis.com/v1/projects {"projectId":"vinayport","name":"vinayport"}
[debug] [2023-04-10T07:31:12.546Z] <<< [apiv2][status] POST https://cloudresourcemanager.googleapis.com/v1/projects 200
[debug] [2023-04-10T07:31:12.546Z] <<< [apiv2][body] POST https://cloudresourcemanager.googleapis.com/v1/projects {"name":"operations/cp.5688665514841189124"}
[debug] [2023-04-10T07:31:12.549Z] >>> [apiv2][query] GET https://cloudresourcemanager.googleapis.com/v1/operations/cp.5688665514841189124 [none]
[debug] [2023-04-10T07:31:14.404Z] <<< [apiv2][status] GET https://cloudresourcemanager.googleapis.com/v1/operations/cp.5688665514841189124 200
[debug] [2023-04-10T07:31:14.404Z] <<< [apiv2][body] GET https://cloudresourcemanager.googleapis.com/v1/operations/cp.5688665514841189124 {"name":"operations/cp.5688665514841189124","metadata":{"@type":"type.googleapis.com/google.cloudresourcemanager.v1.ProjectCreationStatus","gettable":true}}
[debug] [2023-04-10T07:31:14.913Z] [Project Creation Poller] Retrying task index 0
[debug] [2023-04-10T07:31:14.914Z] >>> [apiv2][query] GET https://cloudresourcemanager.googleapis.com/v1/operations/cp.5688665514841189124 [none]
[debug] [2023-04-10T07:31:16.783Z] <<< [apiv2][status] GET https://cloudresourcemanager.googleapis.com/v1/operations/cp.5688665514841189124 200
[debug] [2023-04-10T07:31:16.783Z] <<< [apiv2][body] GET https://cloudresourcemanager.googleapis.com/v1/operations/cp.5688665514841189124 {"name":"operations/cp.5688665514841189124","metadata":{"@type":"type.googleapis.com/google.cloudresourcemanager.v1.ProjectCreationStatus","gettable":true,"ready":true},"done":true,"response":{"@type":"type.googleapis.com/google.cloudresourcemanager.v1.Project","projectNumber":"628316562472","projectId":"vinayport","lifecycleState":"ACTIVE","name":"vinayport","createTime":"2023-04-10T07:31:13.709Z"}}
[debug] [2023-04-10T07:31:16.787Z] >>> [apiv2][query] POST https://firebase.googleapis.com/v1beta1/projects/vinayport:addFirebase [none]
[debug] [2023-04-10T07:31:18.494Z] <<< [apiv2][status] POST https://firebase.googleapis.com/v1beta1/projects/vinayport:addFirebase 403
[debug] [2023-04-10T07:31:18.494Z] <<< [apiv2][body] POST https://firebase.googleapis.com/v1beta1/projects/vinayport:addFirebase {"error":{"code":403,"message":"The caller does not have permission","status":"PERMISSION_DENIED"}}
[debug] [2023-04-10T07:31:18.496Z] HTTP Error: 403, The caller does not have permission
[debug] [2023-04-10T07:31:18.784Z] FirebaseError: HTTP Error: 403, The caller does not have permission
    at responseToError (C:\Users\ACER\AppData\Roaming\npm\node_modules\firebase-tools\lib\responseToError.js:49:12)
    at RetryOperation._fn (C:\Users\ACER\AppData\Roaming\npm\node_modules\firebase-tools\lib\apiv2.js:288:77)
    at processTicksAndRejections (node:internal/process/task_queues:96:5)
[error] 
[error] Error: Failed to add Firebase to Google Cloud Platform project. See firebase-debug.log for more info.
